d:\checkers\checkers\debug\vc142.pdb
d:\checkers\checkers\debug\vc142.idb
d:\checkers\checkers\debug\source.obj
d:\checkers\checkers\debug\scaleable.obj
d:\checkers\checkers\debug\pawn.obj
d:\checkers\checkers\debug\mainmenu.obj
d:\checkers\checkers\debug\main.obj
d:\checkers\checkers\debug\loadgame.obj
d:\checkers\checkers\debug\game.obj
d:\checkers\checkers\debug\drawablearray.obj
d:\checkers\checkers\debug\board.obj
d:\checkers\checkers\debug\checkers.pdb
d:\checkers\checkers\debug\checkers.tlog\cl.command.1.tlog
d:\checkers\checkers\debug\checkers.tlog\cl.read.1.tlog
d:\checkers\checkers\debug\checkers.tlog\cl.write.1.tlog
d:\checkers\checkers\debug\checkers.tlog\link-cvtres.read.1.tlog
d:\checkers\checkers\debug\checkers.tlog\link-cvtres.write.1.tlog
d:\checkers\checkers\debug\checkers.tlog\link-rc.read.1.tlog
d:\checkers\checkers\debug\checkers.tlog\link-rc.write.1.tlog
d:\checkers\checkers\debug\checkers.tlog\link.command.1.tlog
d:\checkers\checkers\debug\checkers.tlog\link.read.1.tlog
d:\checkers\checkers\debug\checkers.tlog\link.write.1.tlog
